[2026-03-28 13:29:14] [DEBUG   ] [bot.setup_logging] Logging initialized — file: D:\Project\Binance App\trading_bot\logs\trading_bot.log
[2026-03-28 13:29:14] [INFO    ] [bot.cli.order] Dry run — order skipped.
[2026-03-28 16:20:06] [DEBUG   ] [bot.setup_logging] Logging initialized — file: D:\Project\Binance App\trading_bot\logs\trading_bot.log
[2026-03-28 16:20:08] [INFO    ] [bot.client.__init__] Binance client initialized (base_url=https://testnet.binancefuture.com)
[2026-03-28 16:20:08] [INFO    ] [bot.orders.place_market_order] Placing MARKET order: BUY BTCUSDT qty=0.001
[2026-03-28 16:20:08] [INFO    ] [bot.client.place_order] Placing order: MARKET BUY BTCUSDT qty=0.001
[2026-03-28 16:20:08] [DEBUG   ] [bot.client._signed_request] API Request: POST /fapi/v1/order | params={'symbol': 'BTCUSDT', 'side': 'BUY', 'type': 'MARKET', 'quantity': 0.001}
[2026-03-28 16:20:18] [ERROR   ] [bot.client._signed_request] API Error [400] (code -1021): Timestamp for this request is outside of the recvWindow.
[2026-03-28 16:20:18] [DEBUG   ] [bot.client.close] Binance client connection closed.
[2026-03-28 16:20:18] [ERROR   ] [bot.cli.order] API error: Binance API Error [400] (code -1021): Timestamp for this request is outside of the recvWindow.
[2026-03-28 16:25:09] [DEBUG   ] [bot.setup_logging] Logging initialized — file: D:\Project\Binance App\trading_bot\logs\trading_bot.log
[2026-03-28 16:25:10] [DEBUG   ] [bot.client._sync_time] Time synced: server=1774695310916 local=1774695310665 offset=251ms
[2026-03-28 16:25:10] [INFO    ] [bot.client.__init__] Binance client initialized (base_url=https://testnet.binancefuture.com, time_offset=251ms)
[2026-03-28 16:25:10] [INFO    ] [bot.orders.place_market_order] Placing MARKET order: BUY BTCUSDT qty=0.001
[2026-03-28 16:25:10] [INFO    ] [bot.client.place_order] Placing order: MARKET BUY BTCUSDT qty=0.001
[2026-03-28 16:25:10] [DEBUG   ] [bot.client._signed_request] API Request: POST /fapi/v1/order | params={'symbol': 'BTCUSDT', 'side': 'BUY', 'type': 'MARKET', 'quantity': 0.001}
[2026-03-28 16:25:11] [ERROR   ] [bot.client._signed_request] API Error [400] (code -4164): Order's notional must be no smaller than 100 (unless you choose reduce only).
[2026-03-28 16:25:11] [DEBUG   ] [bot.client.close] Binance client connection closed.
[2026-03-28 16:25:11] [ERROR   ] [bot.cli.order] API error: Binance API Error [400] (code -4164): Order's notional must be no smaller than 100 (unless you choose reduce only).
[2026-03-28 16:25:25] [DEBUG   ] [bot.setup_logging] Logging initialized — file: D:\Project\Binance App\trading_bot\logs\trading_bot.log
[2026-03-28 16:26:23] [DEBUG   ] [bot.setup_logging] Logging initialized — file: D:\Project\Binance App\trading_bot\logs\trading_bot.log
[2026-03-28 16:26:24] [DEBUG   ] [bot.client._sync_time] Time synced: server=1774695384765 local=1774695384482 offset=283ms
[2026-03-28 16:26:24] [INFO    ] [bot.client.__init__] Binance client initialized (base_url=https://testnet.binancefuture.com, time_offset=283ms)
[2026-03-28 16:26:24] [INFO    ] [bot.orders.place_market_order] Placing MARKET order: BUY BTCUSDT qty=0.002
[2026-03-28 16:26:24] [INFO    ] [bot.client.place_order] Placing order: MARKET BUY BTCUSDT qty=0.002
[2026-03-28 16:26:24] [DEBUG   ] [bot.client._signed_request] API Request: POST /fapi/v1/order | params={'symbol': 'BTCUSDT', 'side': 'BUY', 'type': 'MARKET', 'quantity': 0.002}
[2026-03-28 16:26:25] [DEBUG   ] [bot.client._signed_request] API Response [200]: {'orderId': 13001910008, 'symbol': 'BTCUSDT', 'status': 'NEW', 'clientOrderId': 'QKWR3GstTh5iCRxMJZRlmI', 'price': '0.00', 'avgPrice': '0.00', 'origQty': '0.002', 'executedQty': '0.000', 'cumQty': '0.000', 'cumQuote': '0.00000', 'timeInForce': 'GTC', 'type': 'MARKET', 'reduceOnly': False, 'closePosition': False, 'side': 'BUY', 'positionSide': 'BOTH', 'stopPrice': '0.00', 'workingType': 'CONTRACT_PRICE', 'priceProtect': False, 'origType': 'MARKET', 'priceMatch': 'NONE', 'selfTradePreventionMode': 'EXPIRE_MAKER', 'goodTillDate': 0, 'updateTime': 1774695385269}
[2026-03-28 16:26:25] [INFO    ] [bot.client.place_order] Order placed successfully: orderId=13001910008 status=NEW
[2026-03-28 16:26:25] [INFO    ] [bot.orders.place_market_order] MARKET order result: orderId=13001910008 status=NEW executedQty=0.000 avgPrice=0.00
[2026-03-28 16:26:25] [DEBUG   ] [bot.client.close] Binance client connection closed.
[2026-03-28 16:27:55] [DEBUG   ] [bot.setup_logging] Logging initialized — file: D:\Project\Binance App\trading_bot\logs\trading_bot.log
[2026-03-28 16:27:56] [DEBUG   ] [bot.client._sync_time] Time synced: server=1774695476861 local=1774695476320 offset=541ms
[2026-03-28 16:27:56] [INFO    ] [bot.client.__init__] Binance client initialized (base_url=https://testnet.binancefuture.com, time_offset=541ms)
[2026-03-28 16:27:56] [INFO    ] [bot.orders.place_limit_order] Placing LIMIT order: SELL BTCUSDT qty=0.002 price=95000.0 tif=GTC
[2026-03-28 16:27:56] [INFO    ] [bot.client.place_order] Placing order: LIMIT SELL BTCUSDT qty=0.002
[2026-03-28 16:27:56] [DEBUG   ] [bot.client._signed_request] API Request: POST /fapi/v1/order | params={'symbol': 'BTCUSDT', 'side': 'SELL', 'type': 'LIMIT', 'quantity': 0.002, 'price': 95000.0, 'timeInForce': 'GTC'}
[2026-03-28 16:27:57] [DEBUG   ] [bot.client._signed_request] API Response [200]: {'orderId': 13001912037, 'symbol': 'BTCUSDT', 'status': 'NEW', 'clientOrderId': 'f2G8otup77rZY9qmZ4FwA9', 'price': '95000.00', 'avgPrice': '0.00', 'origQty': '0.002', 'executedQty': '0.000', 'cumQty': '0.000', 'cumQuote': '0.00000', 'timeInForce': 'GTC', 'type': 'LIMIT', 'reduceOnly': False, 'closePosition': False, 'side': 'SELL', 'positionSide': 'BOTH', 'stopPrice': '0.00', 'workingType': 'CONTRACT_PRICE', 'priceProtect': False, 'origType': 'LIMIT', 'priceMatch': 'NONE', 'selfTradePreventionMode': 'EXPIRE_MAKER', 'goodTillDate': 0, 'updateTime': 1774695477345}
[2026-03-28 16:27:57] [INFO    ] [bot.client.place_order] Order placed successfully: orderId=13001912037 status=NEW
[2026-03-28 16:27:57] [INFO    ] [bot.orders.place_limit_order] LIMIT order result: orderId=13001912037 status=NEW price=95000.00
[2026-03-28 16:27:57] [DEBUG   ] [bot.client.close] Binance client connection closed.
[2026-03-28 16:28:11] [DEBUG   ] [bot.setup_logging] Logging initialized — file: D:\Project\Binance App\trading_bot\logs\trading_bot.log
[2026-03-28 16:28:12] [DEBUG   ] [bot.client._sync_time] Time synced: server=1774695492336 local=1774695491839 offset=497ms
[2026-03-28 16:28:12] [INFO    ] [bot.client.__init__] Binance client initialized (base_url=https://testnet.binancefuture.com, time_offset=497ms)
[2026-03-28 16:28:20] [DEBUG   ] [bot.client.close] Binance client connection closed.
